<?xml version="1.0" encoding="utf-8" standalone="no"?>
<!--This file represents the results of running a test suite-->
<test-results name="D:\visual studio projects\maze\maze\mazegen\bin\Debug\mazegen.dll" total="2" errors="0" failures="0" not-run="0" inconclusive="0" ignored="0" skipped="0" invalid="0" date="2012-09-25" time="15:57:05">
  <environment nunit-version="2.6.1.12217" clr-version="2.0.50727.5456" os-version="Microsoft Windows NT 6.1.7601 Service Pack 1" platform="Win32NT" cwd="C:\Program Files\NUnit 2.6.1\bin" machine-name="AE359053" user="M308027" user-domain="PWUS" />
  <culture-info current-culture="en-US" current-uiculture="en-US" />
  <test-suite type="Assembly" name="D:\visual studio projects\maze\maze\mazegen\bin\Debug\mazegen.dll" executed="True" result="Success" success="True" time="0.142" asserts="0">
    <results>
      <test-suite type="Namespace" name="mazegen" executed="True" result="Success" success="True" time="0.137" asserts="0">
        <results>
          <test-suite type="Namespace" name="test" executed="True" result="Success" success="True" time="0.137" asserts="0">
            <results>
              <test-suite type="TestFixture" name="TestCellulartMazeGenerator" executed="True" result="Success" success="True" time="0.047" asserts="0">
                <results>
                  <test-case name="mazegen.test.TestCellulartMazeGenerator.test_generate_fill_area" executed="True" result="Success" success="True" time="0.040" asserts="52" />
                </results>
              </test-suite>
              <test-suite type="TestFixture" name="TestDepthFirstMazeGenerator" executed="True" result="Success" success="True" time="0.087" asserts="0">
                <results>
                  <test-case name="mazegen.test.TestDepthFirstMazeGenerator.test_generate_fill_area" executed="True" result="Success" success="True" time="0.085" asserts="52" />
                </results>
              </test-suite>
            </results>
          </test-suite>
        </results>
      </test-suite>
    </results>
  </test-suite>
</test-results>