<?xml version="1.0" encoding="utf-8" standalone="no"?>
<!--This file represents the results of running a test suite-->
<test-results name="D:\visual studio projects\maze\maze\consolemaze\bin\Debug\textmaze.dll" total="19" errors="0" failures="1" not-run="0" inconclusive="0" ignored="0" skipped="0" invalid="0" date="2012-09-25" time="11:47:57">
  <environment nunit-version="2.6.1.12217" clr-version="2.0.50727.5456" os-version="Microsoft Windows NT 6.1.7601 Service Pack 1" platform="Win32NT" cwd="C:\Program Files\NUnit 2.6.1\bin" machine-name="AE359053" user="M308027" user-domain="PWUS" />
  <culture-info current-culture="en-US" current-uiculture="en-US" />
  <test-suite type="Assembly" name="D:\visual studio projects\maze\maze\consolemaze\bin\Debug\textmaze.dll" executed="True" result="Failure" success="False" time="0.480" asserts="0">
    <results>
      <test-suite type="Namespace" name="textmaze" executed="True" result="Failure" success="False" time="0.474" asserts="0">
        <results>
          <test-suite type="Namespace" name="art" executed="True" result="Failure" success="False" time="0.474" asserts="0">
            <results>
              <test-suite type="Namespace" name="test" executed="True" result="Failure" success="False" time="0.474" asserts="0">
                <results>
                  <test-suite type="TestFixture" name="TestASCIIBlockMaze" executed="True" result="Success" success="True" time="0.067" asserts="0">
                    <results>
                      <test-case name="textmaze.art.test.TestASCIIBlockMaze.test_four_rooms" executed="True" result="Success" success="True" time="0.034" asserts="1" />
                      <test-case name="textmaze.art.test.TestASCIIBlockMaze.with_character" executed="True" result="Success" success="True" time="0.002" asserts="1" />
                    </results>
                  </test-suite>
                  <test-suite type="TestFixture" name="TestASCIIMazeStyle" executed="True" result="Failure" success="False" time="0.051" asserts="0">
                    <results>
                      <test-case name="textmaze.art.test.TestASCIIMazeStyle.you_fail" executed="True" result="Failure" success="False" time="0.050" asserts="1">
                        <failure>
                          <message><![CDATA[  Expected: True
  But was:  False
]]></message>
                          <stack-trace><![CDATA[at textmaze.art.test.TestASCIIMazeStyle.you_fail() in d:\visual studio projects\maze\maze\consolemaze\test\art\test_ascii_maze.cs:line 18
]]></stack-trace>
                        </failure>
                      </test-case>
                    </results>
                  </test-suite>
                  <test-suite type="TestFixture" name="TestASCIIWallMaze" executed="True" result="Success" success="True" time="0.105" asserts="0">
                    <results>
                      <test-suite type="ParameterizedTest" name="test_character_direction" executed="True" result="Success" success="True" time="0.055" asserts="0">
                        <results>
                          <test-case name="textmaze.art.test.TestASCIIWallMaze.test_character_direction(North,&quot;\x25B2&quot;)" executed="True" result="Success" success="True" time="0.034" asserts="1" />
                          <test-case name="textmaze.art.test.TestASCIIWallMaze.test_character_direction(South,&quot;\x25BC&quot;)" executed="True" result="Success" success="True" time="0.001" asserts="1" />
                          <test-case name="textmaze.art.test.TestASCIIWallMaze.test_character_direction(East,&quot;\x25BA&quot;)" executed="True" result="Success" success="True" time="0.000" asserts="1" />
                          <test-case name="textmaze.art.test.TestASCIIWallMaze.test_character_direction(West,&quot;\x25C4&quot;)" executed="True" result="Success" success="True" time="0.001" asserts="1" />
                        </results>
                      </test-suite>
                      <test-case name="textmaze.art.test.TestASCIIWallMaze.test_complex" executed="True" result="Success" success="True" time="0.002" asserts="1" />
                      <test-case name="textmaze.art.test.TestASCIIWallMaze.test_four_tiles" executed="True" result="Success" success="True" time="0.001" asserts="1" />
                      <test-case name="textmaze.art.test.TestASCIIWallMaze.test_new_style" executed="True" result="Success" success="True" time="0.017" asserts="1" />
                      <test-case name="textmaze.art.test.TestASCIIWallMaze.test_one_room" executed="True" result="Success" success="True" time="0.001" asserts="1" />
                      <test-case name="textmaze.art.test.TestASCIIWallMaze.test_two_rooms" executed="True" result="Success" success="True" time="0.001" asserts="1" />
                      <test-case name="textmaze.art.test.TestASCIIWallMaze.test_two_rooms_horizontal" executed="True" result="Success" success="True" time="0.001" asserts="1" />
                      <test-case name="textmaze.art.test.TestASCIIWallMaze.test_two_rooms_vertical" executed="True" result="Success" success="True" time="0.001" asserts="1" />
                    </results>
                  </test-suite>
                  <test-suite type="TestFixture" name="TestGlyph" executed="True" result="Success" success="True" time="0.035" asserts="0">
                    <results>
                      <test-suite type="ParameterizedTest" name="test_add_get_remove_glyph" executed="True" result="Success" success="True" time="0.009" asserts="0">
                        <results>
                          <test-case name="textmaze.art.test.TestGlyph.test_add_get_remove_glyph()" executed="True" result="Success" success="True" time="0.008" asserts="6" />
                        </results>
                      </test-suite>
                      <test-suite type="ParameterizedTest" name="test_get_default" executed="True" result="Success" success="True" time="0.002" asserts="0">
                        <results>
                          <test-case name="textmaze.art.test.TestGlyph.test_get_default()" executed="True" result="Success" success="True" time="0.001" asserts="1" />
                        </results>
                      </test-suite>
                      <test-suite type="ParameterizedTest" name="test_overwrite" executed="True" result="Success" success="True" time="0.001" asserts="0">
                        <results>
                          <test-case name="textmaze.art.test.TestGlyph.test_overwrite()" executed="True" result="Success" success="True" time="0.001" asserts="2" />
                        </results>
                      </test-suite>
                      <test-suite type="ParameterizedTest" name="test_remove_non_existent_entry" executed="True" result="Success" success="True" time="0.002" asserts="0">
                        <results>
                          <test-case name="textmaze.art.test.TestGlyph.test_remove_non_existent_entry()" executed="True" result="Success" success="True" time="0.001" asserts="2" />
                        </results>
                      </test-suite>
                      <test-suite type="ParameterizedTest" name="test_with_enum" executed="True" result="Success" success="True" time="0.006" asserts="0">
                        <results>
                          <test-case name="textmaze.art.test.TestGlyph.test_with_enum()" executed="True" result="Success" success="True" time="0.006" asserts="1" />
                        </results>
                      </test-suite>
                    </results>
                  </test-suite>
                </results>
              </test-suite>
            </results>
          </test-suite>
        </results>
      </test-suite>
    </results>
  </test-suite>
</test-results>