<?xml version="1.0" encoding="utf-8" standalone="no"?>
<!--This file represents the results of running a test suite-->
<test-results name="D:\visual studio projects\maze\maze\mazecore\bin\Debug\mazecore.dll" total="123" errors="0" failures="0" not-run="0" inconclusive="0" ignored="0" skipped="0" invalid="0" date="2012-09-25" time="15:56:49">
  <environment nunit-version="2.6.1.12217" clr-version="2.0.50727.5456" os-version="Microsoft Windows NT 6.1.7601 Service Pack 1" platform="Win32NT" cwd="C:\Program Files\NUnit 2.6.1\bin" machine-name="AE359053" user="M308027" user-domain="PWUS" />
  <culture-info current-culture="en-US" current-uiculture="en-US" />
  <test-suite type="Assembly" name="D:\visual studio projects\maze\maze\mazecore\bin\Debug\mazecore.dll" executed="True" result="Success" success="True" time="0.452" asserts="0">
    <results>
      <test-suite type="Namespace" name="mazecore" executed="True" result="Success" success="True" time="0.447" asserts="0">
        <results>
          <test-suite type="Namespace" name="control" executed="True" result="Success" success="True" time="0.091" asserts="0">
            <results>
              <test-suite type="Namespace" name="test" executed="True" result="Success" success="True" time="0.091" asserts="0">
                <results>
                  <test-suite type="GenericFixture" name="ExceptionTrap+TestEventManager&lt;T&gt;" executed="True" result="Success" success="True" time="0.040" asserts="0">
                    <results>
                      <test-suite type="TestFixture" name="ExceptionTrap+TestEventManager&lt;Int32&gt;" executed="True" result="Success" success="True" time="0.039" asserts="0">
                        <results>
                          <test-case name="mazecore.control.test.ExceptionTrap+TestEventManager&lt;Int32&gt;.test_multiple_events_with_middle_exception" executed="True" result="Success" success="True" time="0.014" asserts="6" />
                          <test-case name="mazecore.control.test.ExceptionTrap+TestEventManager&lt;Int32&gt;.test_no_registered_events" executed="True" result="Success" success="True" time="0.000" asserts="0" />
                          <test-case name="mazecore.control.test.ExceptionTrap+TestEventManager&lt;Int32&gt;.test_single_event" executed="True" result="Success" success="True" time="0.001" asserts="3" />
                        </results>
                      </test-suite>
                    </results>
                  </test-suite>
                  <test-suite type="TestFixture" name="TestController" executed="True" result="Success" success="True" time="0.003" asserts="0">
                    <results>
                      <test-case name="mazecore.control.test.TestController.test_get_set_active" executed="True" result="Success" success="True" time="0.000" asserts="2" />
                      <test-case name="mazecore.control.test.TestController.test_tick" executed="True" result="Success" success="True" time="0.000" asserts="6" />
                    </results>
                  </test-suite>
                  <test-suite type="TestFixture" name="TestSignalHandler" executed="True" result="Success" success="True" time="0.040" asserts="0">
                    <results>
                      <test-case name="mazecore.control.test.TestSignalHandler.test_get_signal_state_does_not_exist" executed="True" result="Success" success="True" time="0.004" asserts="1" />
                      <test-case name="mazecore.control.test.TestSignalHandler.test_off_already_off" executed="True" result="Success" success="True" time="0.000" asserts="1" />
                      <test-case name="mazecore.control.test.TestSignalHandler.test_off_while_rising" executed="True" result="Success" success="True" time="0.023" asserts="2" />
                      <test-case name="mazecore.control.test.TestSignalHandler.test_on_already_on" executed="True" result="Success" success="True" time="0.000" asserts="2" />
                      <test-case name="mazecore.control.test.TestSignalHandler.test_on_while_falling" executed="True" result="Success" success="True" time="0.000" asserts="2" />
                      <test-case name="mazecore.control.test.TestSignalHandler.test_signal_cycle" executed="True" result="Success" success="True" time="0.000" asserts="6" />
                    </results>
                  </test-suite>
                </results>
              </test-suite>
            </results>
          </test-suite>
          <test-suite type="Namespace" name="direction" executed="True" result="Success" success="True" time="0.037" asserts="0">
            <results>
              <test-suite type="Namespace" name="test" executed="True" result="Success" success="True" time="0.034" asserts="0">
                <results>
                  <test-suite type="TestFixture" name="TestDirectionControl" executed="True" result="Success" success="True" time="0.032" asserts="0">
                    <results>
                      <test-suite type="ParameterizedTest" name="test_adjust" executed="True" result="Success" success="True" time="0.011" asserts="0">
                        <results>
                          <test-case name="mazecore.direction.test.TestDirectionControl.test_adjust(0,North,1)" executed="True" result="Success" success="True" time="0.000" asserts="1" />
                          <test-case name="mazecore.direction.test.TestDirectionControl.test_adjust(1,North,2)" executed="True" result="Success" success="True" time="0.001" asserts="1" />
                          <test-case name="mazecore.direction.test.TestDirectionControl.test_adjust(1,West,0)" executed="True" result="Success" success="True" time="0.000" asserts="1" />
                          <test-case name="mazecore.direction.test.TestDirectionControl.test_adjust(1,East,2)" executed="True" result="Success" success="True" time="0.000" asserts="1" />
                          <test-case name="mazecore.direction.test.TestDirectionControl.test_adjust(0,West,-1)" executed="True" result="Success" success="True" time="0.000" asserts="1" />
                          <test-case name="mazecore.direction.test.TestDirectionControl.test_adjust(1,South,0)" executed="True" result="Success" success="True" time="0.000" asserts="1" />
                        </results>
                      </test-suite>
                      <test-suite type="ParameterizedTest" name="test_move" executed="True" result="Success" success="True" time="0.014" asserts="0">
                        <results>
                          <test-case name="mazecore.direction.test.TestDirectionControl.test_move(1,1,North,1,2)" executed="True" result="Success" success="True" time="0.000" asserts="2" />
                          <test-case name="mazecore.direction.test.TestDirectionControl.test_move(3,2,West,2,2)" executed="True" result="Success" success="True" time="0.000" asserts="2" />
                          <test-case name="mazecore.direction.test.TestDirectionControl.test_move(1,1,South,1,0)" executed="True" result="Success" success="True" time="0.001" asserts="2" />
                          <test-case name="mazecore.direction.test.TestDirectionControl.test_move(1,1,East,2,1)" executed="True" result="Success" success="True" time="0.000" asserts="2" />
                          <test-case name="mazecore.direction.test.TestDirectionControl.test_move(1,1,West,0,1)" executed="True" result="Success" success="True" time="0.000" asserts="2" />
                        </results>
                      </test-suite>
                      <test-case name="mazecore.direction.test.TestDirectionControl.test_static_offsets" executed="True" result="Success" success="True" time="0.000" asserts="4" />
                    </results>
                  </test-suite>
                </results>
              </test-suite>
            </results>
          </test-suite>
          <test-suite type="Namespace" name="elements" executed="True" result="Success" success="True" time="0.137" asserts="0">
            <results>
              <test-suite type="Namespace" name="test" executed="True" result="Success" success="True" time="0.127" asserts="0">
                <results>
                  <test-suite type="TestFixture" name="TestCharacter" executed="True" result="Success" success="True" time="0.029" asserts="0">
                    <results>
                      <test-case name="mazecore.elements.test.TestCharacter.test_get_facing_wall" executed="True" result="Success" success="True" time="0.007" asserts="4" />
                      <test-case name="mazecore.elements.test.TestCharacter.test_get_tile" executed="True" result="Success" success="True" time="0.001" asserts="2" />
                      <test-case name="mazecore.elements.test.TestCharacter.test_get_x_get_y" executed="True" result="Success" success="True" time="0.001" asserts="2" />
                      <test-case name="mazecore.elements.test.TestCharacter.test_init_registration" executed="True" result="Success" success="True" time="0.000" asserts="1" />
                      <test-case name="mazecore.elements.test.TestCharacter.test_init_tile_occupied" executed="True" result="Success" success="True" time="0.001" asserts="1" />
                      <test-case name="mazecore.elements.test.TestCharacter.test_init_tile_unoccupiable" executed="True" result="Success" success="True" time="0.000" asserts="1" />
                      <test-suite type="ParameterizedTest" name="test_move" executed="True" result="Success" success="True" time="0.006" asserts="0">
                        <results>
                          <test-case name="mazecore.elements.test.TestCharacter.test_move(North,True,1,3)" executed="True" result="Success" success="True" time="0.001" asserts="3" />
                          <test-case name="mazecore.elements.test.TestCharacter.test_move(South,False,1,2)" executed="True" result="Success" success="True" time="0.001" asserts="3" />
                          <test-case name="mazecore.elements.test.TestCharacter.test_move(West,False,1,2)" executed="True" result="Success" success="True" time="0.000" asserts="3" />
                          <test-case name="mazecore.elements.test.TestCharacter.test_move(East,False,1,2)" executed="True" result="Success" success="True" time="0.000" asserts="3" />
                        </results>
                      </test-suite>
                      <test-case name="mazecore.elements.test.TestCharacter.test_orientation" executed="True" result="Success" success="True" time="0.000" asserts="2" />
                    </results>
                  </test-suite>
                  <test-suite type="TestFixture" name="TestMaze" executed="True" result="Success" success="True" time="0.020" asserts="0">
                    <results>
                      <test-case name="mazecore.elements.test.TestMaze.test_characte_no_overwrite" executed="True" result="Success" success="True" time="0.001" asserts="4" />
                      <test-case name="mazecore.elements.test.TestMaze.test_character" executed="True" result="Success" success="True" time="0.000" asserts="5" />
                      <test-suite type="ParameterizedTest" name="test_character_out_of_bounds" executed="True" result="Success" success="True" time="0.001" asserts="0">
                        <results>
                          <test-case name="mazecore.elements.test.TestMaze.test_character_out_of_bounds(-1,-1)" executed="True" result="Success" success="True" time="0.001" asserts="3" />
                        </results>
                      </test-suite>
                      <test-case name="mazecore.elements.test.TestMaze.test_character_set_null_tile" executed="True" result="Success" success="True" time="0.000" asserts="1" />
                      <test-case name="mazecore.elements.test.TestMaze.test_init" executed="True" result="Success" success="True" time="0.000" asserts="2" />
                      <test-case name="mazecore.elements.test.TestMaze.test_tile" executed="True" result="Success" success="True" time="0.000" asserts="3" />
                      <test-suite type="ParameterizedTest" name="test_tile_out_of_bounds" executed="True" result="Success" success="True" time="0.001" asserts="0">
                        <results>
                          <test-case name="mazecore.elements.test.TestMaze.test_tile_out_of_bounds(-1,-1)" executed="True" result="Success" success="True" time="0.000" asserts="3" />
                        </results>
                      </test-suite>
                      <test-case name="mazecore.elements.test.TestMaze.test_wall" executed="True" result="Success" success="True" time="0.000" asserts="4" />
                      <test-suite type="ParameterizedTest" name="test_wall_out_of_bounds" executed="True" result="Success" success="True" time="0.002" asserts="0">
                        <results>
                          <test-case name="mazecore.elements.test.TestMaze.test_wall_out_of_bounds(-1,-1)" executed="True" result="Success" success="True" time="0.001" asserts="3" />
                        </results>
                      </test-suite>
                    </results>
                  </test-suite>
                  <test-suite type="TestFixture" name="TestNavigation" executed="True" result="Success" success="True" time="0.040" asserts="0">
                    <results>
                      <test-suite type="ParameterizedTest" name="test_can_move_uninhibited" executed="True" result="Success" success="True" time="0.005" asserts="0">
                        <results>
                          <test-case name="mazecore.elements.test.TestNavigation.test_can_move_uninhibited(East)" executed="True" result="Success" success="True" time="0.001" asserts="1" />
                          <test-case name="mazecore.elements.test.TestNavigation.test_can_move_uninhibited(North)" executed="True" result="Success" success="True" time="0.000" asserts="1" />
                          <test-case name="mazecore.elements.test.TestNavigation.test_can_move_uninhibited(West)" executed="True" result="Success" success="True" time="0.000" asserts="1" />
                          <test-case name="mazecore.elements.test.TestNavigation.test_can_move_uninhibited(South)" executed="True" result="Success" success="True" time="0.000" asserts="1" />
                        </results>
                      </test-suite>
                      <test-suite type="ParameterizedTest" name="test_cannot_move_at_all_walled_in" executed="True" result="Success" success="True" time="0.012" asserts="0">
                        <results>
                          <test-case name="mazecore.elements.test.TestNavigation.test_cannot_move_at_all_walled_in(East)" executed="True" result="Success" success="True" time="0.000" asserts="1" />
                          <test-case name="mazecore.elements.test.TestNavigation.test_cannot_move_at_all_walled_in(South)" executed="True" result="Success" success="True" time="0.000" asserts="1" />
                          <test-case name="mazecore.elements.test.TestNavigation.test_cannot_move_at_all_walled_in(West)" executed="True" result="Success" success="True" time="0.001" asserts="1" />
                          <test-case name="mazecore.elements.test.TestNavigation.test_cannot_move_at_all_walled_in(North)" executed="True" result="Success" success="True" time="0.000" asserts="1" />
                        </results>
                      </test-suite>
                      <test-case name="mazecore.elements.test.TestNavigation.test_cannot_move_cannot_stand" executed="True" result="Success" success="True" time="0.001" asserts="1" />
                      <test-suite type="ParameterizedTest" name="test_cannot_move_null_tiles" executed="True" result="Success" success="True" time="0.007" asserts="0">
                        <results>
                          <test-case name="mazecore.elements.test.TestNavigation.test_cannot_move_null_tiles(East)" executed="True" result="Success" success="True" time="0.000" asserts="1" />
                          <test-case name="mazecore.elements.test.TestNavigation.test_cannot_move_null_tiles(South)" executed="True" result="Success" success="True" time="0.000" asserts="1" />
                          <test-case name="mazecore.elements.test.TestNavigation.test_cannot_move_null_tiles(West)" executed="True" result="Success" success="True" time="0.000" asserts="1" />
                          <test-case name="mazecore.elements.test.TestNavigation.test_cannot_move_null_tiles(North)" executed="True" result="Success" success="True" time="0.000" asserts="1" />
                        </results>
                      </test-suite>
                      <test-suite type="ParameterizedTest" name="test_cannot_move_tiles_occupied" executed="True" result="Success" success="True" time="0.006" asserts="0">
                        <results>
                          <test-case name="mazecore.elements.test.TestNavigation.test_cannot_move_tiles_occupied(South)" executed="True" result="Success" success="True" time="0.001" asserts="1" />
                          <test-case name="mazecore.elements.test.TestNavigation.test_cannot_move_tiles_occupied(East)" executed="True" result="Success" success="True" time="0.000" asserts="1" />
                          <test-case name="mazecore.elements.test.TestNavigation.test_cannot_move_tiles_occupied(North)" executed="True" result="Success" success="True" time="0.000" asserts="1" />
                          <test-case name="mazecore.elements.test.TestNavigation.test_cannot_move_tiles_occupied(West)" executed="True" result="Success" success="True" time="0.000" asserts="1" />
                        </results>
                      </test-suite>
                    </results>
                  </test-suite>
                  <test-suite type="TestFixture" name="TestTile" executed="True" result="Success" success="True" time="0.022" asserts="0">
                    <results>
                      <test-suite type="ParameterizedTest" name="get_neighbor_tile_bad" executed="True" result="Success" success="True" time="0.005" asserts="0">
                        <results>
                          <test-case name="mazecore.elements.test.TestTile.get_neighbor_tile_bad(2,2)" executed="True" result="Success" success="True" time="0.001" asserts="4" />
                          <test-case name="mazecore.elements.test.TestTile.get_neighbor_tile_bad(0,0)" executed="True" result="Success" success="True" time="0.000" asserts="4" />
                          <test-case name="mazecore.elements.test.TestTile.get_neighbor_tile_bad(9,14)" executed="True" result="Success" success="True" time="0.000" asserts="4" />
                        </results>
                      </test-suite>
                      <test-case name="mazecore.elements.test.TestTile.get_neighbor_tile_good" executed="True" result="Success" success="True" time="0.000" asserts="4" />
                      <test-case name="mazecore.elements.test.TestTile.get_wall_good" executed="True" result="Success" success="True" time="0.000" asserts="5" />
                      <test-case name="mazecore.elements.test.TestTile.get_wall_null" executed="True" result="Success" success="True" time="0.000" asserts="4" />
                      <test-case name="mazecore.elements.test.TestTile.test_block_can_stand" executed="True" result="Success" success="True" time="0.000" asserts="1" />
                      <test-case name="mazecore.elements.test.TestTile.test_can_stand" executed="True" result="Success" success="True" time="0.001" asserts="1" />
                      <test-case name="mazecore.elements.test.TestTile.test_get_positions" executed="True" result="Success" success="True" time="0.000" asserts="3" />
                      <test-case name="mazecore.elements.test.TestTile.test_init_registration" executed="True" result="Success" success="True" time="0.000" asserts="2" />
                      <test-case name="mazecore.elements.test.TestTile.test_is_occupied" executed="True" result="Success" success="True" time="0.001" asserts="2" />
                    </results>
                  </test-suite>
                  <test-suite type="TestFixture" name="TestWall" executed="True" result="Success" success="True" time="0.003" asserts="0">
                    <results>
                      <test-case name="mazecore.elements.test.TestWall.test_can_pass" executed="True" result="Success" success="True" time="0.000" asserts="1" />
                      <test-case name="mazecore.elements.test.TestWall.test_init_create" executed="True" result="Success" success="True" time="0.001" asserts="2" />
                    </results>
                  </test-suite>
                </results>
              </test-suite>
              <test-suite type="Namespace" name="tests" executed="True" result="Success" success="True" time="0.004" asserts="0">
                <results>
                  <test-suite type="TestFixture" name="TestElementIntegration" executed="True" result="Success" success="True" time="0.003" asserts="0">
                    <results>
                      <test-case name="mazecore.elements.tests.TestElementIntegration.test_in_an_L" executed="True" result="Success" success="True" time="0.000" asserts="13" />
                      <test-case name="mazecore.elements.tests.TestElementIntegration.test_into_cubby" executed="True" result="Success" success="True" time="0.000" asserts="5" />
                    </results>
                  </test-suite>
                </results>
              </test-suite>
            </results>
          </test-suite>
          <test-suite type="Namespace" name="storage" executed="True" result="Success" success="True" time="0.159" asserts="0">
            <results>
              <test-suite type="Namespace" name="test" executed="True" result="Success" success="True" time="0.159" asserts="0">
                <results>
                  <test-suite type="TestFixture" name="TestGridStorage" executed="True" result="Success" success="True" time="0.130" asserts="0">
                    <results>
                      <test-suite type="ParameterizedTest" name="test_bad_init" executed="True" result="Success" success="True" time="0.014" asserts="0">
                        <results>
                          <test-case name="mazecore.storage.test.TestGridStorage.test_bad_init(0,1)" executed="True" result="Success" success="True" time="0.001" asserts="1" />
                          <test-case name="mazecore.storage.test.TestGridStorage.test_bad_init(1,-1)" executed="True" result="Success" success="True" time="0.000" asserts="1" />
                          <test-case name="mazecore.storage.test.TestGridStorage.test_bad_init(-1,0)" executed="True" result="Success" success="True" time="0.001" asserts="1" />
                          <test-case name="mazecore.storage.test.TestGridStorage.test_bad_init(-1,1)" executed="True" result="Success" success="True" time="0.000" asserts="1" />
                          <test-case name="mazecore.storage.test.TestGridStorage.test_bad_init(1,0)" executed="True" result="Success" success="True" time="0.000" asserts="1" />
                          <test-case name="mazecore.storage.test.TestGridStorage.test_bad_init(0,0)" executed="True" result="Success" success="True" time="0.000" asserts="1" />
                          <test-case name="mazecore.storage.test.TestGridStorage.test_bad_init(0,-1)" executed="True" result="Success" success="True" time="0.000" asserts="1" />
                        </results>
                      </test-suite>
                      <test-case name="mazecore.storage.test.TestGridStorage.test_get_position_bad" executed="True" result="Success" success="True" time="0.001" asserts="1" />
                      <test-suite type="ParameterizedTest" name="test_get_position_good" executed="True" result="Success" success="True" time="0.040" asserts="0">
                        <results>
                          <test-case name="mazecore.storage.test.TestGridStorage.test_get_position_good(9,14)" executed="True" result="Success" success="True" time="0.029" asserts="4" />
                          <test-case name="mazecore.storage.test.TestGridStorage.test_get_position_good(0,0)" executed="True" result="Success" success="True" time="0.000" asserts="4" />
                          <test-case name="mazecore.storage.test.TestGridStorage.test_get_position_good(1,1)" executed="True" result="Success" success="True" time="0.004" asserts="4" />
                          <test-case name="mazecore.storage.test.TestGridStorage.test_get_position_good(1,2)" executed="True" result="Success" success="True" time="0.000" asserts="4" />
                        </results>
                      </test-suite>
                      <test-case name="mazecore.storage.test.TestGridStorage.test_get_position_two_objects" executed="True" result="Success" success="True" time="0.000" asserts="1" />
                      <test-case name="mazecore.storage.test.TestGridStorage.test_get_set_remove_tile" executed="True" result="Success" success="True" time="0.000" asserts="3" />
                      <test-suite type="ParameterizedTest" name="test_get_tile_out_of_range" executed="True" result="Success" success="True" time="0.012" asserts="0">
                        <results>
                          <test-case name="mazecore.storage.test.TestGridStorage.test_get_tile_out_of_range(0,16)" executed="True" result="Success" success="True" time="0.001" asserts="1" />
                          <test-case name="mazecore.storage.test.TestGridStorage.test_get_tile_out_of_range(-1,0)" executed="True" result="Success" success="True" time="0.000" asserts="1" />
                          <test-case name="mazecore.storage.test.TestGridStorage.test_get_tile_out_of_range(11,0)" executed="True" result="Success" success="True" time="0.000" asserts="1" />
                          <test-case name="mazecore.storage.test.TestGridStorage.test_get_tile_out_of_range(-1,-1)" executed="True" result="Success" success="True" time="0.000" asserts="1" />
                          <test-case name="mazecore.storage.test.TestGridStorage.test_get_tile_out_of_range(11,16)" executed="True" result="Success" success="True" time="0.001" asserts="1" />
                          <test-case name="mazecore.storage.test.TestGridStorage.test_get_tile_out_of_range(0,-1)" executed="True" result="Success" success="True" time="0.000" asserts="1" />
                        </results>
                      </test-suite>
                      <test-case name="mazecore.storage.test.TestGridStorage.test_init" executed="True" result="Success" success="True" time="0.000" asserts="2" />
                      <test-case name="mazecore.storage.test.TestGridStorage.test_move" executed="True" result="Success" success="True" time="0.000" asserts="4" />
                      <test-suite type="ParameterizedTest" name="test_remove_tile_out_of_range" executed="True" result="Success" success="True" time="0.025" asserts="0">
                        <results>
                          <test-case name="mazecore.storage.test.TestGridStorage.test_remove_tile_out_of_range(0,16)" executed="True" result="Success" success="True" time="0.000" asserts="1" />
                          <test-case name="mazecore.storage.test.TestGridStorage.test_remove_tile_out_of_range(11,16)" executed="True" result="Success" success="True" time="0.000" asserts="1" />
                          <test-case name="mazecore.storage.test.TestGridStorage.test_remove_tile_out_of_range(0,-1)" executed="True" result="Success" success="True" time="0.000" asserts="1" />
                          <test-case name="mazecore.storage.test.TestGridStorage.test_remove_tile_out_of_range(11,0)" executed="True" result="Success" success="True" time="0.000" asserts="1" />
                          <test-case name="mazecore.storage.test.TestGridStorage.test_remove_tile_out_of_range(-1,-1)" executed="True" result="Success" success="True" time="0.000" asserts="1" />
                          <test-case name="mazecore.storage.test.TestGridStorage.test_remove_tile_out_of_range(-1,0)" executed="True" result="Success" success="True" time="0.000" asserts="1" />
                        </results>
                      </test-suite>
                      <test-suite type="ParameterizedTest" name="test_set_tile_out_of_range" executed="True" result="Success" success="True" time="0.015" asserts="0">
                        <results>
                          <test-case name="mazecore.storage.test.TestGridStorage.test_set_tile_out_of_range(0,-1)" executed="True" result="Success" success="True" time="0.001" asserts="1" />
                          <test-case name="mazecore.storage.test.TestGridStorage.test_set_tile_out_of_range(0,16)" executed="True" result="Success" success="True" time="0.000" asserts="1" />
                          <test-case name="mazecore.storage.test.TestGridStorage.test_set_tile_out_of_range(0,15)" executed="True" result="Success" success="True" time="0.000" asserts="1" />
                          <test-case name="mazecore.storage.test.TestGridStorage.test_set_tile_out_of_range(-1,-1)" executed="True" result="Success" success="True" time="0.000" asserts="1" />
                          <test-case name="mazecore.storage.test.TestGridStorage.test_set_tile_out_of_range(11,16)" executed="True" result="Success" success="True" time="0.000" asserts="1" />
                          <test-case name="mazecore.storage.test.TestGridStorage.test_set_tile_out_of_range(-1,0)" executed="True" result="Success" success="True" time="0.000" asserts="1" />
                          <test-case name="mazecore.storage.test.TestGridStorage.test_set_tile_out_of_range(11,0)" executed="True" result="Success" success="True" time="0.000" asserts="1" />
                          <test-case name="mazecore.storage.test.TestGridStorage.test_set_tile_out_of_range(10,0)" executed="True" result="Success" success="True" time="0.001" asserts="1" />
                        </results>
                      </test-suite>
                      <test-case name="mazecore.storage.test.TestGridStorage.test_tile_override" executed="True" result="Success" success="True" time="0.001" asserts="2" />
                    </results>
                  </test-suite>
                  <test-suite type="TestFixture" name="TestSharedEdgeStorage" executed="True" result="Success" success="True" time="0.022" asserts="0">
                    <results>
                      <test-suite type="ParameterizedTest" name="test_bad_init" executed="True" result="Success" success="True" time="0.012" asserts="0">
                        <results>
                          <test-case name="mazecore.storage.test.TestSharedEdgeStorage.test_bad_init(0,-1)" executed="True" result="Success" success="True" time="0.001" asserts="1" />
                          <test-case name="mazecore.storage.test.TestSharedEdgeStorage.test_bad_init(-1,0)" executed="True" result="Success" success="True" time="0.000" asserts="1" />
                          <test-case name="mazecore.storage.test.TestSharedEdgeStorage.test_bad_init(-1,1)" executed="True" result="Success" success="True" time="0.000" asserts="1" />
                          <test-case name="mazecore.storage.test.TestSharedEdgeStorage.test_bad_init(0,0)" executed="True" result="Success" success="True" time="0.000" asserts="1" />
                          <test-case name="mazecore.storage.test.TestSharedEdgeStorage.test_bad_init(0,1)" executed="True" result="Success" success="True" time="0.000" asserts="1" />
                          <test-case name="mazecore.storage.test.TestSharedEdgeStorage.test_bad_init(1,-1)" executed="True" result="Success" success="True" time="0.000" asserts="1" />
                          <test-case name="mazecore.storage.test.TestSharedEdgeStorage.test_bad_init(1,0)" executed="True" result="Success" success="True" time="0.000" asserts="1" />
                        </results>
                      </test-suite>
                      <test-case name="mazecore.storage.test.TestSharedEdgeStorage.test_get_set_remove_wall_east_west" executed="True" result="Success" success="True" time="0.001" asserts="5" />
                      <test-case name="mazecore.storage.test.TestSharedEdgeStorage.test_get_set_remove_wall_north_south" executed="True" result="Success" success="True" time="0.001" asserts="5" />
                      <test-case name="mazecore.storage.test.TestSharedEdgeStorage.test_init" executed="True" result="Success" success="True" time="0.001" asserts="2" />
                      <test-case name="mazecore.storage.test.TestSharedEdgeStorage.test_tile_override" executed="True" result="Success" success="True" time="0.001" asserts="2" />
                    </results>
                  </test-suite>
                </results>
              </test-suite>
            </results>
          </test-suite>
        </results>
      </test-suite>
    </results>
  </test-suite>
</test-results>